d:\onedrive - cau\work\cpp\periv_v03p02\periv_v03p02\debug\vc141.pdb
d:\onedrive - cau\work\cpp\periv_v03p02\periv_v03p02\debug\vc141.idb
d:\onedrive - cau\work\cpp\periv_v03p02\periv_v03p02\debug\surfacecrack.obj
d:\onedrive - cau\work\cpp\periv_v03p02\periv_v03p02\debug\surfacecorrectionfactor.obj
d:\onedrive - cau\work\cpp\periv_v03p02\periv_v03p02\debug\solver.obj
d:\onedrive - cau\work\cpp\periv_v03p02\periv_v03p02\debug\periv_utilities.obj
d:\onedrive - cau\work\cpp\periv_v03p02\periv_v03p02\debug\periv_propotypemicroelastic.obj
d:\onedrive - cau\work\cpp\periv_v03p02\periv_v03p02\debug\periv_linearperidynamicsolid.obj
d:\onedrive - cau\work\cpp\periv_v03p02\periv_v03p02\debug\periv_elasticplasticmaterial.obj
d:\onedrive - cau\work\cpp\periv_v03p02\periv_v03p02\debug\matpoint.obj
d:\onedrive - cau\work\cpp\periv_v03p02\periv_v03p02\debug\main.obj
d:\onedrive - cau\work\cpp\periv_v03p02\periv_v03p02\debug\indexconvert.obj
d:\onedrive - cau\work\cpp\periv_v03p02\periv_v03p02\debug\horizon.obj
d:\onedrive - cau\work\cpp\periv_v03p02\periv_v03p02\debug\dmg_critstretch.obj
d:\onedrive - cau\work\cpp\periv_v03p02\debug\periv_v03p02.exe
d:\onedrive - cau\work\cpp\periv_v03p02\debug\periv_v03p02.ilk
d:\onedrive - cau\work\cpp\periv_v03p02\debug\periv_v03p02.pdb
d:\onedrive - cau\work\cpp\periv_v03p02\periv_v03p02\debug\periv_elasticplasticmaterial.obj.enc
d:\onedrive - cau\work\cpp\periv_v03p02\periv_v03p02\debug\periv_v03p02.tlog\cl.command.1.tlog
d:\onedrive - cau\work\cpp\periv_v03p02\periv_v03p02\debug\periv_v03p02.tlog\cl.read.1.tlog
d:\onedrive - cau\work\cpp\periv_v03p02\periv_v03p02\debug\periv_v03p02.tlog\cl.write.1.tlog
d:\onedrive - cau\work\cpp\periv_v03p02\periv_v03p02\debug\periv_v03p02.tlog\link.command.1.tlog
d:\onedrive - cau\work\cpp\periv_v03p02\periv_v03p02\debug\periv_v03p02.tlog\link.read.1.tlog
d:\onedrive - cau\work\cpp\periv_v03p02\periv_v03p02\debug\periv_v03p02.tlog\link.write.1.tlog
